help.are
todo.txt
clans.are
limbo.are
immort.are
smurf.are
midgaard.are
sewer.are
school.are
air.are
mobfact.are
ofcol2.are
ofcol.are
valley.are
olympus.are
plains.are
daycare.are
catacomb.are
dwarven.are
drow.are
wyvern.are
canyon.are
mahntor.are
thalos.are
mirror.are
nirvana.are
grove.are
gnome.are
shire.are
trollden.are
galaxy.are
redferne.are
dylan.are
grave.are
chapel.are
hitower.are
draconia.are
marsh.are
arachnos.are
haon.are
newthalos.are
midennir.are
moria.are
dream.are
mega1.are
eastern.are
hood.are
caedemon.are
$
